{"/Users/rmeghlan/Development/Personal/humanitec-store/src/actions/add.action.js": {"path":"/Users/rmeghlan/Development/Personal/humanitec-store/src/actions/add.action.js","statementMap":{"0":{"start":{"line":1,"column":27},"end":{"line":1,"column":40}},"1":{"start":{"line":5,"column":4},"end":{"line":8,"column":5}}},"fnMap":{"0":{"name":"addContact","decl":{"start":{"line":4,"column":16},"end":{"line":4,"column":26}},"loc":{"start":{"line":4,"column":36},"end":{"line":9,"column":1}},"line":4}},"branchMap":{},"s":{"0":2,"1":1},"f":{"0":1},"b":{},"_coverageSchema":"332fd63041d2c1bcb487cc26dd0d5f7d97098a6c","hash":"78972d361bff3cd1d7e21b56b77dcc1470b399d2"}
,"/Users/rmeghlan/Development/Personal/humanitec-store/src/actions/filter.action.js": {"path":"/Users/rmeghlan/Development/Personal/humanitec-store/src/actions/filter.action.js","statementMap":{"0":{"start":{"line":1,"column":31},"end":{"line":1,"column":48}},"1":{"start":{"line":4,"column":4},"end":{"line":7,"column":5}}},"fnMap":{"0":{"name":"applyFilter","decl":{"start":{"line":3,"column":16},"end":{"line":3,"column":27}},"loc":{"start":{"line":3,"column":36},"end":{"line":8,"column":1}},"line":3}},"branchMap":{},"s":{"0":2,"1":1},"f":{"0":1},"b":{},"_coverageSchema":"332fd63041d2c1bcb487cc26dd0d5f7d97098a6c","hash":"e562b6cbd6d820f510a3c48177d3223722a262cb"}
,"/Users/rmeghlan/Development/Personal/humanitec-store/src/actions/sort.action.js": {"path":"/Users/rmeghlan/Development/Personal/humanitec-store/src/actions/sort.action.js","statementMap":{"0":{"start":{"line":1,"column":29},"end":{"line":1,"column":44}},"1":{"start":{"line":4,"column":4},"end":{"line":7,"column":5}}},"fnMap":{"0":{"name":"sortContacts","decl":{"start":{"line":3,"column":16},"end":{"line":3,"column":28}},"loc":{"start":{"line":3,"column":36},"end":{"line":8,"column":1}},"line":3}},"branchMap":{},"s":{"0":2,"1":1},"f":{"0":1},"b":{},"_coverageSchema":"332fd63041d2c1bcb487cc26dd0d5f7d97098a6c","hash":"d97b7c87bf363c44d7edf0c3be6c364bec123b93"}
,"/Users/rmeghlan/Development/Personal/humanitec-store/src/actions/update.action.js": {"path":"/Users/rmeghlan/Development/Personal/humanitec-store/src/actions/update.action.js","statementMap":{"0":{"start":{"line":1,"column":30},"end":{"line":1,"column":46}},"1":{"start":{"line":4,"column":4},"end":{"line":7,"column":5}}},"fnMap":{"0":{"name":"updateContact","decl":{"start":{"line":3,"column":16},"end":{"line":3,"column":29}},"loc":{"start":{"line":3,"column":39},"end":{"line":8,"column":1}},"line":3}},"branchMap":{},"s":{"0":2,"1":1},"f":{"0":1},"b":{},"_coverageSchema":"332fd63041d2c1bcb487cc26dd0d5f7d97098a6c","hash":"ec10ede39c429a4d9045de36877aa247643fed6e"}
,"/Users/rmeghlan/Development/Personal/humanitec-store/src/reducers/contact-list.reducer.js": {"path":"/Users/rmeghlan/Development/Personal/humanitec-store/src/reducers/contact-list.reducer.js","statementMap":{"0":{"start":{"line":4,"column":20},"end":{"line":13,"column":1}},"1":{"start":{"line":5,"column":4},"end":{"line":12,"column":5}},"2":{"start":{"line":7,"column":12},"end":{"line":7,"column":46}},"3":{"start":{"line":9,"column":12},"end":{"line":9,"column":101}},"4":{"start":{"line":9,"column":40},"end":{"line":9,"column":99}},"5":{"start":{"line":11,"column":12},"end":{"line":11,"column":25}}},"fnMap":{"0":{"name":"(anonymous_0)","decl":{"start":{"line":4,"column":20},"end":{"line":4,"column":21}},"loc":{"start":{"line":4,"column":44},"end":{"line":13,"column":1}},"line":4},"1":{"name":"(anonymous_1)","decl":{"start":{"line":9,"column":29},"end":{"line":9,"column":30}},"loc":{"start":{"line":9,"column":40},"end":{"line":9,"column":99}},"line":9}},"branchMap":{"0":{"loc":{"start":{"line":4,"column":21},"end":{"line":4,"column":31}},"type":"default-arg","locations":[{"start":{"line":4,"column":29},"end":{"line":4,"column":31}}],"line":4},"1":{"loc":{"start":{"line":5,"column":4},"end":{"line":12,"column":5}},"type":"switch","locations":[{"start":{"line":6,"column":8},"end":{"line":7,"column":46}},{"start":{"line":8,"column":8},"end":{"line":9,"column":101}},{"start":{"line":10,"column":8},"end":{"line":11,"column":25}}],"line":5},"2":{"loc":{"start":{"line":9,"column":40},"end":{"line":9,"column":99}},"type":"cond-expr","locations":[{"start":{"line":9,"column":75},"end":{"line":9,"column":89}},{"start":{"line":9,"column":92},"end":{"line":9,"column":99}}],"line":9}},"s":{"0":1,"1":3,"2":1,"3":1,"4":1,"5":1},"f":{"0":3,"1":1},"b":{"0":[0],"1":[1,1,1],"2":[1,0]},"_coverageSchema":"332fd63041d2c1bcb487cc26dd0d5f7d97098a6c","hash":"cec75fcd937a77038681ccfa8d8d997b28bd28d7"}
,"/Users/rmeghlan/Development/Personal/humanitec-store/src/reducers/filters.reducer.js": {"path":"/Users/rmeghlan/Development/Personal/humanitec-store/src/reducers/filters.reducer.js","statementMap":{"0":{"start":{"line":3,"column":16},"end":{"line":10,"column":1}},"1":{"start":{"line":4,"column":2},"end":{"line":9,"column":3}},"2":{"start":{"line":6,"column":10},"end":{"line":6,"column":31}},"3":{"start":{"line":8,"column":10},"end":{"line":8,"column":23}}},"fnMap":{"0":{"name":"(anonymous_0)","decl":{"start":{"line":3,"column":16},"end":{"line":3,"column":17}},"loc":{"start":{"line":3,"column":38},"end":{"line":10,"column":1}},"line":3}},"branchMap":{"0":{"loc":{"start":{"line":3,"column":17},"end":{"line":3,"column":27}},"type":"default-arg","locations":[{"start":{"line":3,"column":25},"end":{"line":3,"column":27}}],"line":3},"1":{"loc":{"start":{"line":4,"column":2},"end":{"line":9,"column":3}},"type":"switch","locations":[{"start":{"line":5,"column":6},"end":{"line":6,"column":31}},{"start":{"line":7,"column":6},"end":{"line":8,"column":23}}],"line":4}},"s":{"0":1,"1":3,"2":1,"3":2},"f":{"0":3},"b":{"0":[0],"1":[1,2]},"_coverageSchema":"332fd63041d2c1bcb487cc26dd0d5f7d97098a6c","hash":"3d6312c8e18cc99ff725c782a4d33dd49488e944"}
,"/Users/rmeghlan/Development/Personal/humanitec-store/src/reducers/sort.reducer.js": {"path":"/Users/rmeghlan/Development/Personal/humanitec-store/src/reducers/sort.reducer.js","statementMap":{"0":{"start":{"line":3,"column":13},"end":{"line":10,"column":1}},"1":{"start":{"line":4,"column":2},"end":{"line":9,"column":3}},"2":{"start":{"line":6,"column":10},"end":{"line":6,"column":35}},"3":{"start":{"line":8,"column":10},"end":{"line":8,"column":23}}},"fnMap":{"0":{"name":"(anonymous_0)","decl":{"start":{"line":3,"column":13},"end":{"line":3,"column":14}},"loc":{"start":{"line":3,"column":37},"end":{"line":10,"column":1}},"line":3}},"branchMap":{"0":{"loc":{"start":{"line":3,"column":14},"end":{"line":3,"column":24}},"type":"default-arg","locations":[{"start":{"line":3,"column":22},"end":{"line":3,"column":24}}],"line":3},"1":{"loc":{"start":{"line":4,"column":2},"end":{"line":9,"column":3}},"type":"switch","locations":[{"start":{"line":5,"column":6},"end":{"line":6,"column":35}},{"start":{"line":7,"column":6},"end":{"line":8,"column":23}}],"line":4}},"s":{"0":1,"1":2,"2":1,"3":1},"f":{"0":2},"b":{"0":[0],"1":[1,1]},"_coverageSchema":"332fd63041d2c1bcb487cc26dd0d5f7d97098a6c","hash":"8d032c8d4795922a9d9264820e0784ee26b026d3"}
}
