{"/Users/rmeghlan/Development/Personal/humanitec-store/actions/add.action.js": {"path":"/Users/rmeghlan/Development/Personal/humanitec-store/actions/add.action.js","statementMap":{"0":{"start":{"line":1,"column":27},"end":{"line":1,"column":40}},"1":{"start":{"line":5,"column":4},"end":{"line":8,"column":5}}},"fnMap":{"0":{"name":"addContact","decl":{"start":{"line":4,"column":16},"end":{"line":4,"column":26}},"loc":{"start":{"line":4,"column":36},"end":{"line":9,"column":1}},"line":4}},"branchMap":{},"s":{"0":2,"1":1},"f":{"0":1},"b":{},"_coverageSchema":"332fd63041d2c1bcb487cc26dd0d5f7d97098a6c","hash":"ae8054ce6a987e63c28ddeb9b33cb7c68363c956"}
,"/Users/rmeghlan/Development/Personal/humanitec-store/actions/filter.action.js": {"path":"/Users/rmeghlan/Development/Personal/humanitec-store/actions/filter.action.js","statementMap":{"0":{"start":{"line":1,"column":31},"end":{"line":1,"column":48}},"1":{"start":{"line":4,"column":4},"end":{"line":7,"column":5}}},"fnMap":{"0":{"name":"applyFilter","decl":{"start":{"line":3,"column":16},"end":{"line":3,"column":27}},"loc":{"start":{"line":3,"column":36},"end":{"line":8,"column":1}},"line":3}},"branchMap":{},"s":{"0":2,"1":1},"f":{"0":1},"b":{},"_coverageSchema":"332fd63041d2c1bcb487cc26dd0d5f7d97098a6c","hash":"9966b211c910107d4c561b23303bd6b30efdb880"}
,"/Users/rmeghlan/Development/Personal/humanitec-store/actions/sort.action.js": {"path":"/Users/rmeghlan/Development/Personal/humanitec-store/actions/sort.action.js","statementMap":{"0":{"start":{"line":1,"column":29},"end":{"line":1,"column":44}},"1":{"start":{"line":4,"column":4},"end":{"line":7,"column":5}}},"fnMap":{"0":{"name":"sortContacts","decl":{"start":{"line":3,"column":16},"end":{"line":3,"column":28}},"loc":{"start":{"line":3,"column":36},"end":{"line":8,"column":1}},"line":3}},"branchMap":{},"s":{"0":2,"1":1},"f":{"0":1},"b":{},"_coverageSchema":"332fd63041d2c1bcb487cc26dd0d5f7d97098a6c","hash":"1cf9010914e4328deff5ca34b7ee4832238954ac"}
,"/Users/rmeghlan/Development/Personal/humanitec-store/actions/update.action.js": {"path":"/Users/rmeghlan/Development/Personal/humanitec-store/actions/update.action.js","statementMap":{"0":{"start":{"line":1,"column":30},"end":{"line":1,"column":46}},"1":{"start":{"line":4,"column":4},"end":{"line":7,"column":5}}},"fnMap":{"0":{"name":"updateContact","decl":{"start":{"line":3,"column":16},"end":{"line":3,"column":29}},"loc":{"start":{"line":3,"column":39},"end":{"line":8,"column":1}},"line":3}},"branchMap":{},"s":{"0":2,"1":1},"f":{"0":1},"b":{},"_coverageSchema":"332fd63041d2c1bcb487cc26dd0d5f7d97098a6c","hash":"272eaa2c3cc2b3e7cdcae5d0e85e487f0ba1ea18"}
,"/Users/rmeghlan/Development/Personal/humanitec-store/reducers/contact-list.reducer.js": {"path":"/Users/rmeghlan/Development/Personal/humanitec-store/reducers/contact-list.reducer.js","statementMap":{"0":{"start":{"line":4,"column":20},"end":{"line":13,"column":1}},"1":{"start":{"line":5,"column":4},"end":{"line":12,"column":5}},"2":{"start":{"line":7,"column":12},"end":{"line":7,"column":46}},"3":{"start":{"line":9,"column":12},"end":{"line":9,"column":101}},"4":{"start":{"line":9,"column":40},"end":{"line":9,"column":99}},"5":{"start":{"line":11,"column":12},"end":{"line":11,"column":25}}},"fnMap":{"0":{"name":"(anonymous_0)","decl":{"start":{"line":4,"column":20},"end":{"line":4,"column":21}},"loc":{"start":{"line":4,"column":44},"end":{"line":13,"column":1}},"line":4},"1":{"name":"(anonymous_1)","decl":{"start":{"line":9,"column":29},"end":{"line":9,"column":30}},"loc":{"start":{"line":9,"column":40},"end":{"line":9,"column":99}},"line":9}},"branchMap":{"0":{"loc":{"start":{"line":4,"column":21},"end":{"line":4,"column":31}},"type":"default-arg","locations":[{"start":{"line":4,"column":29},"end":{"line":4,"column":31}}],"line":4},"1":{"loc":{"start":{"line":5,"column":4},"end":{"line":12,"column":5}},"type":"switch","locations":[{"start":{"line":6,"column":8},"end":{"line":7,"column":46}},{"start":{"line":8,"column":8},"end":{"line":9,"column":101}},{"start":{"line":10,"column":8},"end":{"line":11,"column":25}}],"line":5},"2":{"loc":{"start":{"line":9,"column":40},"end":{"line":9,"column":99}},"type":"cond-expr","locations":[{"start":{"line":9,"column":75},"end":{"line":9,"column":89}},{"start":{"line":9,"column":92},"end":{"line":9,"column":99}}],"line":9}},"s":{"0":1,"1":3,"2":1,"3":1,"4":1,"5":1},"f":{"0":3,"1":1},"b":{"0":[0],"1":[1,1,1],"2":[1,0]},"_coverageSchema":"332fd63041d2c1bcb487cc26dd0d5f7d97098a6c","hash":"57e4b219ace7d7e8fe5a1dd5d9c9e76712bd4036"}
,"/Users/rmeghlan/Development/Personal/humanitec-store/reducers/filters.reducer.js": {"path":"/Users/rmeghlan/Development/Personal/humanitec-store/reducers/filters.reducer.js","statementMap":{"0":{"start":{"line":3,"column":16},"end":{"line":10,"column":1}},"1":{"start":{"line":4,"column":2},"end":{"line":9,"column":3}},"2":{"start":{"line":6,"column":10},"end":{"line":6,"column":31}},"3":{"start":{"line":8,"column":10},"end":{"line":8,"column":23}}},"fnMap":{"0":{"name":"(anonymous_0)","decl":{"start":{"line":3,"column":16},"end":{"line":3,"column":17}},"loc":{"start":{"line":3,"column":38},"end":{"line":10,"column":1}},"line":3}},"branchMap":{"0":{"loc":{"start":{"line":3,"column":17},"end":{"line":3,"column":27}},"type":"default-arg","locations":[{"start":{"line":3,"column":25},"end":{"line":3,"column":27}}],"line":3},"1":{"loc":{"start":{"line":4,"column":2},"end":{"line":9,"column":3}},"type":"switch","locations":[{"start":{"line":5,"column":6},"end":{"line":6,"column":31}},{"start":{"line":7,"column":6},"end":{"line":8,"column":23}}],"line":4}},"s":{"0":1,"1":3,"2":1,"3":2},"f":{"0":3},"b":{"0":[0],"1":[1,2]},"_coverageSchema":"332fd63041d2c1bcb487cc26dd0d5f7d97098a6c","hash":"4909587e27be4228d6a91ebbdbe3dd8de5e243f6"}
,"/Users/rmeghlan/Development/Personal/humanitec-store/reducers/sort.reducer.js": {"path":"/Users/rmeghlan/Development/Personal/humanitec-store/reducers/sort.reducer.js","statementMap":{"0":{"start":{"line":3,"column":13},"end":{"line":10,"column":1}},"1":{"start":{"line":4,"column":2},"end":{"line":9,"column":3}},"2":{"start":{"line":6,"column":10},"end":{"line":6,"column":35}},"3":{"start":{"line":8,"column":10},"end":{"line":8,"column":23}}},"fnMap":{"0":{"name":"(anonymous_0)","decl":{"start":{"line":3,"column":13},"end":{"line":3,"column":14}},"loc":{"start":{"line":3,"column":37},"end":{"line":10,"column":1}},"line":3}},"branchMap":{"0":{"loc":{"start":{"line":3,"column":14},"end":{"line":3,"column":24}},"type":"default-arg","locations":[{"start":{"line":3,"column":22},"end":{"line":3,"column":24}}],"line":3},"1":{"loc":{"start":{"line":4,"column":2},"end":{"line":9,"column":3}},"type":"switch","locations":[{"start":{"line":5,"column":6},"end":{"line":6,"column":35}},{"start":{"line":7,"column":6},"end":{"line":8,"column":23}}],"line":4}},"s":{"0":1,"1":2,"2":1,"3":1},"f":{"0":2},"b":{"0":[0],"1":[1,1]},"_coverageSchema":"332fd63041d2c1bcb487cc26dd0d5f7d97098a6c","hash":"617404186c583e53215b01abac4f4a7409e1763a"}
}
