TN:
SF:/Users/rmeghlan/Development/Personal/humanitec-store/actions/add.action.js
FN:4,addContact
FNF:1
FNH:1
FNDA:1,addContact
DA:1,2
DA:5,1
LF:2
LH:2
BRF:0
BRH:0
end_of_record
TN:
SF:/Users/rmeghlan/Development/Personal/humanitec-store/actions/filter.action.js
FN:3,applyFilter
FNF:1
FNH:1
FNDA:1,applyFilter
DA:1,2
DA:4,1
LF:2
LH:2
BRF:0
BRH:0
end_of_record
TN:
SF:/Users/rmeghlan/Development/Personal/humanitec-store/actions/sort.action.js
FN:3,sortContacts
FNF:1
FNH:1
FNDA:1,sortContacts
DA:1,2
DA:4,1
LF:2
LH:2
BRF:0
BRH:0
end_of_record
TN:
SF:/Users/rmeghlan/Development/Personal/humanitec-store/actions/update.action.js
FN:3,updateContact
FNF:1
FNH:1
FNDA:1,updateContact
DA:1,2
DA:4,1
LF:2
LH:2
BRF:0
BRH:0
end_of_record
TN:
SF:/Users/rmeghlan/Development/Personal/humanitec-store/reducers/contact-list.reducer.js
FN:4,(anonymous_0)
FN:9,(anonymous_1)
FNF:2
FNH:2
FNDA:3,(anonymous_0)
FNDA:1,(anonymous_1)
DA:4,1
DA:5,3
DA:7,1
DA:9,1
DA:11,1
LF:5
LH:5
BRDA:4,0,0,0
BRDA:5,1,0,1
BRDA:5,1,1,1
BRDA:5,1,2,1
BRDA:9,2,0,1
BRDA:9,2,1,0
BRF:6
BRH:4
end_of_record
TN:
SF:/Users/rmeghlan/Development/Personal/humanitec-store/reducers/filters.reducer.js
FN:3,(anonymous_0)
FNF:1
FNH:1
FNDA:3,(anonymous_0)
DA:3,1
DA:4,3
DA:6,1
DA:8,2
LF:4
LH:4
BRDA:3,0,0,0
BRDA:4,1,0,1
BRDA:4,1,1,2
BRF:3
BRH:2
end_of_record
TN:
SF:/Users/rmeghlan/Development/Personal/humanitec-store/reducers/sort.reducer.js
FN:3,(anonymous_0)
FNF:1
FNH:1
FNDA:2,(anonymous_0)
DA:3,1
DA:4,2
DA:6,1
DA:8,1
LF:4
LH:4
BRDA:3,0,0,0
BRDA:4,1,0,1
BRDA:4,1,1,1
BRF:3
BRH:2
end_of_record
